Case #1: 3 4 6
Case #2: 4 8
Case #3: 5 8 11
Case #4: 8 10 11 12
Case #5: 2 4 6 8 9
Case #6: 3 5 6 9 12 14 15
Case #7: 6 7 10 12
Case #8: 5 14 19 22 24 25
Case #9: 11 13 19 20 22 23
Case #10: 3 4 5
Case #11: 3 4 6 7 10
Case #12: 28 49 51 64
Case #13: 3 4 5 6
Case #14: 5 6 8 10
Case #15: 4 5 11 15
Case #16: 77 115 140 169 207 231 241 249 270 280
Case #17: 7 9 10 13 15
Case #18: 2 6
Case #19: 1 2 3 4 6 8
Case #20: 9 10 11 12
Case #21: 6 7 11 15 18
Case #22: 31 43 79 88 111 136 137
Case #23: 9 19 29 39 49 59 69 79 89 99
Case #24: 7 10 11 12
Case #25: 5 9
Case #26: 22 23 24 25 26 27 28
Case #27: 7 8 9 10 11 12 13 14 15 16
Case #28: 5 10 14 17 19 20 30
Case #29: 5 10 14
Case #30: 2 22
Case #31: 15 21 26 29 31 34 35
Case #32: 6 8
Case #33: 2 3 4 5 6 7 8
Case #34: 7 15 22 28 33 37 40 41 42 59
Case #35: 1 5 6
Case #36: 2 4
Case #37: 22 222
Case #38: 2 4 6 8 10
Case #39: 12 15 17 18 20 21 24
Case #40: 11 13 16 19 21 23 25 28 31 33
Case #41: 9 13 15 17 25
Case #42: 4 7 10
Case #43: 2 3 4
Case #44: 2 3 4
Case #45: 5 8 10 12 13 15 17 18 20 21
Case #46: 2 4
Case #47: 3 7 12
Case #48: 8 10 15 20 25 29 31
Case #49: 2 4 5 9
Case #50: 1 2 3
