Case #1: 19 20
Case #2: 023 023
Case #3: 0 0
Case #4: 05 00
Case #5: 130 099
Case #6: 737 742
Case #7: 988 993
Case #8: 609 215
Case #9: 729 719
Case #10: 00 00
Case #11: 99 99
Case #12: 049 049
Case #13: 9 9
Case #14: 10 09
Case #15: 971 971
Case #16: 130 135
Case #17: 09 09
Case #18: 406 406
Case #19: 089 120
Case #20: 807 810
Case #21: 120 089
Case #22: 09 90
Case #23: 000 000
Case #24: 330 330
Case #25: 009 040
Case #26: 99 95
Case #27: 00 00
Case #28: 00 00
Case #29: 099 130
Case #30: 000 001
Case #31: 99 99
Case #32: 371 371
Case #33: 069 100
Case #34: 88 93
Case #35: 416 381
Case #36: 079 110
Case #37: 342 309
Case #38: 029 070
Case #39: 090 049
Case #40: 460 460
Case #41: 99 99
Case #42: 002 002
Case #43: 09 09
Case #44: 009 050
Case #45: 691 691
Case #46: 00 05
Case #47: 502 502
Case #48: 90 90
Case #49: 158 178
Case #50: 883 881
Case #51: 003 006
Case #52: 808 808
Case #53: 90 90
Case #54: 019 026
Case #55: 026 026
Case #56: 909 990
Case #57: 583 583
Case #58: 090 059
Case #59: 701 703
Case #60: 393 700
Case #61: 612 630
Case #62: 05 09
Case #63: 050 009
Case #64: 730 727
Case #65: 990 909
Case #66: 063 061
Case #67: 772 772
Case #68: 970 970
Case #69: 220 220
Case #70: 800 699
Case #71: 800 780
Case #72: 019 050
Case #73: 05 10
Case #74: 510 510
Case #75: 90 90
Case #76: 072 070
Case #77: 00 00
Case #78: 99 99
Case #79: 545 542
Case #80: 308 310
Case #81: 5 5
Case #82: 070 029
Case #83: 05 05
Case #84: 110 079
Case #85: 00 00
Case #86: 600 030
Case #87: 99 99
Case #88: 409 434
Case #89: 815 810
Case #90: 95 95
Case #91: 000 000
Case #92: 993 988
Case #93: 499 379
Case #94: 600 600
Case #95: 657 657
Case #96: 365 365
Case #97: 910 909
Case #98: 699 710
Case #99: 059 090
Case #100: 206 210
Case #101: 9 9
Case #102: 95 99
Case #103: 306 306
Case #104: 599 601
Case #105: 029 060
Case #106: 049 080
Case #107: 009 006
Case #108: 5 5
Case #109: 010 009
Case #110: 90 09
Case #111: 080 039
Case #112: 05 05
Case #113: 0 0
Case #114: 000 004
Case #115: 09 09
Case #116: 90 90
Case #117: 09 09
Case #118: 690 319
Case #119: 988 992
Case #120: 885 885
Case #121: 029 041
Case #122: 992 988
Case #123: 110 065
Case #124: 507 507
Case #125: 100 099
Case #126: 99 90
Case #127: 721 679
Case #128: 040 009
Case #129: 240 240
Case #130: 199 199
Case #131: 909 910
Case #132: 102 098
Case #133: 060 060
Case #134: 619 619
Case #135: 400 400
Case #136: 99 09
Case #137: 99 99
Case #138: 05 05
Case #139: 899 933
Case #140: 098 934
Case #141: 039 080
Case #142: 099 909
Case #143: 480 480
Case #144: 048 048
Case #145: 070 039
Case #146: 008 008
Case #147: 10 05
Case #148: 109 121
Case #149: 497 500
Case #150: 679 677
Case #151: 93 88
Case #152: 500 397
Case #153: 649 800
Case #154: 019 060
Case #155: 09 99
Case #156: 940 925
Case #157: 558 561
Case #158: 417 418
Case #159: 159 161
Case #160: 397 760
Case #161: 95 95
Case #162: 010 010
Case #163: 90 99
Case #164: 0 0
Case #165: 098 093
Case #166: 023 023
Case #167: 150 119
Case #168: 700 699
Case #169: 982 982
Case #170: 067 067
Case #171: 060 019
Case #172: 05 05
Case #173: 00 00
Case #174: 043 038
Case #175: 720 702
Case #176: 99 99
Case #177: 09 10
Case #178: 060 029
Case #179: 260 260
Case #180: 273 271
Case #181: 572 558
Case #182: 055 050
Case #183: 397 401
Case #184: 09 05
Case #185: 203 208
Case #186: 099 100
Case #187: 039 070
Case #188: 093 098
Case #189: 100 069
Case #190: 049 090
Case #191: 293 320
Case #192: 00 00
Case #193: 494 494
Case #194: 092 093
Case #195: 99 99
Case #196: 050 019
Case #197: 902 889
Case #198: 306 306
Case #199: 900 399
Case #200: 080 049
