Case #1: 3
Case #2: 1
Case #3: 1 2
Case #4: 2 7
Case #5: 81 18570 37059 55548 74037 92526 111015 129504 147993 166482 184971 203460 221949 240438 258927 277416 295905 314394 332883 351372 369861 388350 406839 425328 443817 462306
Case #6: 1811939329
Case #7: 17 650 1283 1916 2535
Case #8: 115349 27222154 54328959 81435764 108542569 135649374 162756179 189862984 216969789 244074241
Case #9: 1 2 3 4 5 6 7 8 9
Case #10: 268822560488 170164680788336 340060539016184 509956397244032 679852255471880 849748113699728 1019643971927576 1189539830155424 1359435688383272 1529331546611120
Case #11: 65 11786 23507 35228 46949 58670 70391 82112 93833 105554 117275 128996 140717 152438 164159 175880 187601 199322 211043 222764 234423
Case #12: 1 2 3 4 5 6 7 8 9 10 11 12 13 14 15 16 17 18 19 20 21 22 23 24 25 26 27 28 29 30 31 32 33 34 35 36 37 38 39 40 41 42 43 44 45 46 47 48
Case #13: 83576029 21729767330 43375958631 65022149932 86668341233 108312389521
Case #14: 122254715 14426014737
Case #15: 1
Case #16: 55 8326 16597 24868 33139 41410 49681 57952 66223 74494 82765 91036 99307 107578 115849 124120 132391 137905
Case #17: 4308744248 1348636949376 2692965154504 4037293359632 5381621564760
Case #18: 1639847480 434559582000 867479316520 1300399051040 1731725750337
Case #19: 146149166039041
Case #20: 5
Case #21: 16
Case #22: 36084208 16490482636 32944881064 49399279492 65853677920 82308076348 98762474776 115216873204 131671271632 148125670060 164580068488 181034466916 197488865267
Case #23: 30399297484750849
Case #24: 1
Case #25: 487 39383 78279 117175 156071 185221
Case #26: 1296932067758066 309962971344909313
Case #27: 4543326082 2676019061759 5347494797436 8018970533113 10690446268790 13361922004467 16033397740144 18704873475821 21376349211498 24047824947175 26719300682852 29390776418529 31680559312501
Case #28: 102030405060709 91011121314151618 181920212223242527 272829303132333436 363738394041424345 454647484950515254 545556575859606163 636465666768697072 727374757677787981 818283848586878890 909192939495969799 990000000000000001
Case #29: 12345678900000001
Case #30: 6925172710277 4182804317006786 8358683461303295 12534562605599804 16710441749896313 20886320894192822 25062200038489331 29238079161080577
Case #31: 2604 512808 1023012 1533216 2043420 2553624 3063828 3574032 4084236 4594440 5104644 5614848 6122501
Case #32: 83385908498332846
Case #33: 3724 882368 1761012 2639656 3518300 4396944 5275588 6154232 7032876 7911520 8790164 9668808 10547452 11426096 12304740
Case #34: 48230809 11189547506 22330864203 33472180900 44613497563
Case #35: 12756577832 4809229842352 9605703106872 14402176371392 19198649635912 23995122900432
Case #36: 1389927345075 664385270945454 1327380614545833 1990375958146212 2653371301746591 3316366645346970
Case #37: 6
Case #38: 1291162297 588770007026 1176248851755 1763727696484 2351206541213 2938685385942 3526164230671 4113643075400 4701121920129 5288581493713
Case #39: 29391155323018 13843234157141108 27657077158959198 41470920160777288 55284763162593025
Case #40: 1 2 3 4
Case #41: 199 9719 19239 26365
Case #42: 34917 5446922 10858927 16270932 21682937 27094942 32473089
Case #43: 12251407207078 5157842434179518 10303433461151958 15449024488124398 20594337070521856
Case #44: 1
Case #45: 770411 347454936 694139461 1040823986 1387508511 1734193036 2080877561 2427562086 2774246611 3120931136 3467615661 3814300186 4160984711 4507669236 4854353761 5201038286 5547722811 5894407336 6171746491
Case #46: 1372 193328 385284 577240 769196 961152 1153108 1345064 1537020
Case #47: 390847439349 155166433421238 309942019403127 464717605385016 619493191366905
Case #48: 2 12
Case #49: 2 204 406 608 810 1012 1214 1416 1618 1820 2022 2224 2426 2628 2830 3032 3234 3436 3638 3840 4042 4244 4446 4648 4850 5052 5254 5456 5658 5860 6062 6264 6466 6668 6870 7072 7274 7476 7678 7880 8082 8284 8486 8688 8890 9092 9294 9496 9698 9900
Case #50: 18923044006 3425070964987
Case #51: 10204 4050608 8091012 12131416 16171820 20212224 24252628 28293032 32333436 36373840 40414244 44454648 48495052 52535456 56575860 60616264 64656668 68697072 72737476 76777880 80818284 84858688 88899092 92939496 96979900
Case #52: 2345228234614117
Case #53: 76 16285 32494 48703 64912 81121 97330 113539 129748 145957 162166 178375 194584 210793 227002 243211 259420 275629 291838 308047 324256 340465 356674 372883 383689
Case #54: 144115188075855873
Case #55: 1
Case #56: 71 14150 28229 42308 56387 70466 84545 98624 112703 126782 140861 154940 169019 183098 197177 211256 225335 239414 253493 267572 281651 295730 309741
Case #57: 1
Case #58: 1
Case #59: 83520032329626 31320012123609497 62556504214889368 93711794380859376
Case #60: 2
Case #61: 1184082031251
Case #62: 28991029249
Case #63: 44129616 21226344852 42408560088 63590775324 84772990560 105955205796 127137421032 148319636268 169501851504 190684066740 211866281976 233048497212 254230712448 275412389518
Case #64: 367639536861185
Case #65: 1
Case #66: 1
Case #67: 123456789001
Case #68: 1 2 3
Case #69: 2 136 270 404 538 672 806 940 1074 1208 1342 1476 1610 1744 1878 2012 2146 2280 2414 2548 2682 2816 2950 3084 3218 3352 3486 3620 3754 3888 4022 4156 4290
Case #70: 41772481677906
Case #71: 38607917015013 29921135686634382 59803663456253751 89686191225873120 119568718995492489 149451246765111858 179333774534731227 209216302304350596 239098830073969965 268981357842923086
Case #72: 1027 124163 247299 370435 493571 616707 739843 862948
Case #73: 7 49
Case #74: 1235 56790
Case #75: 1
Case #76: 7874976174 1267871158716
Case #77: 1979728 429600796 857221864 1284842932 1712464000 2140085068 2496382453
Case #78: 1
Case #79: 511713754 56327602177
Case #80: 1
Case #81: 3797498334356
Case #82: 9219 3475203 6941187 10407171 13873155 17339139 20805123 24271107 27737091 31203075 34669059 38135043 41601027 45067011 48532995 51998979 55464963 58930947 62396931 65862915 69328899 72794883 76260867 79726756
Case #83: 8467 3056243 6104019 9151795 12199571 15247347 18295123 21342899 24390675 27438451 30486227 33534003 36581779 39629555 42677331 45725107 48772883 51820659 54868435 57916211 60963987 64011763 67059448
Case #84: 38219 6153124 12268029 18382934 24497839 30612744 36726526
Case #85: 103 30406 60709 91012 121315 151618 181921 212224 242527 272830 303133 333436 363739 394042 424345 454648 484951 515254 545557 575860 606163 636466 666769 697072 727375 757678 787981 818284 848587 878890 909193 939496 969799 990001
Case #86: 20553528848 8406393298488 16792233068128 25178072837768 33563912607408 41949752377048 50335584688897
Case #87: 623749 57384866
Case #88: 8826954 2815798044 5622769134 8429740224 11236711314 14043682404 16850653494 19657624584 22464595674
Case #89: 1
Case #90: 28
Case #91: 1 2 3 4 5 6 7 8 9 10 11 12 13 14 15 16 17 18 19 20 21 22 23 24 25 26 27 28 29 30 31 32 33 34 35 36 37 38 39 40 41 42 43 44 45 46 47 48 49 50 51 52 53 54 55 56 57 58 59 60 61 62 63 64 65 66 67 68 69 70 71 72 73 74 75 76 77 78 79 80 81 82 83 84 85 86 87 88 89 90 91 92 93 94 95 96 97 98 99 100
Case #92: 305860 40679284 81052708 121426109
Case #93: 5094148 1411078756 2817063364 4223047972 5629032580 7035017188 8441001796 9846986357
Case #94: 86732166 49524066252 98961400338 148398734424 197836068510 247273402596 296710736682 346148070768 395585404854 445022738940 494460073026 543897407112 593334741198 642772075284 692209409370 741646743456
Case #95: 2436804 558027924 1113619044 1669210164 2224801284 2780392404 3335922604
Case #96: 11356401756997 7370304740290486 14729253078823975 22088201417357464 29447149755890953 36806098094424442 44165046432957931 51523994771491420 58065126616373833
Case #97: IMPOSSIBLE
Case #98: IMPOSSIBLE
Case #99: 2853116706
Case #100: 8732480 916910149
